0 info it worked if it ends with ok
1 verbose cli [ '/Users/hatto/.nvm/versions/node/v5.7.0/bin/node',
1 verbose cli   '/Users/hatto/.nvm/versions/node/v5.7.0/bin/npm',
1 verbose cli   'run',
1 verbose cli   'start' ]
2 info using npm@3.6.0
3 info using node@v5.7.0
4 verbose run-script [ 'prestart', 'start', 'poststart' ]
5 info lifecycle triathlon@0.0.1~prestart: triathlon@0.0.1
6 silly lifecycle triathlon@0.0.1~prestart: no script for prestart, continuing
7 info lifecycle triathlon@0.0.1~start: triathlon@0.0.1
8 verbose lifecycle triathlon@0.0.1~start: unsafe-perm in lifecycle true
9 verbose lifecycle triathlon@0.0.1~start: PATH: /Users/hatto/.nvm/versions/node/v5.7.0/lib/node_modules/npm/bin/node-gyp-bin:/Users/hatto/Sites/triathlon/node_modules/.bin:/Users/hatto/.nvm/versions/node/v5.7.0/bin:/Users/hatto/Sites/_scripts:/Applications/MAMP/Library/bin::/usr/local/bin:/usr/bin:/bin:/usr/sbin:/sbin:/Library/Developer/CommandLineTools/usr/bin
10 verbose lifecycle triathlon@0.0.1~start: CWD: /Users/hatto/Sites/triathlon
11 silly lifecycle triathlon@0.0.1~start: Args: [ '-c', 'gulp w' ]
12 silly lifecycle triathlon@0.0.1~start: Returned: code: 1  signal: null
13 info lifecycle triathlon@0.0.1~start: Failed to exec start script
14 verbose stack Error: triathlon@0.0.1 start: `gulp w`
14 verbose stack Exit status 1
14 verbose stack     at EventEmitter.<anonymous> (/Users/hatto/.nvm/versions/node/v5.7.0/lib/node_modules/npm/lib/utils/lifecycle.js:232:16)
14 verbose stack     at emitTwo (events.js:100:13)
14 verbose stack     at EventEmitter.emit (events.js:185:7)
14 verbose stack     at ChildProcess.<anonymous> (/Users/hatto/.nvm/versions/node/v5.7.0/lib/node_modules/npm/lib/utils/spawn.js:24:14)
14 verbose stack     at emitTwo (events.js:100:13)
14 verbose stack     at ChildProcess.emit (events.js:185:7)
14 verbose stack     at maybeClose (internal/child_process.js:827:16)
14 verbose stack     at Process.ChildProcess._handle.onexit (internal/child_process.js:211:5)
15 verbose pkgid triathlon@0.0.1
16 verbose cwd /Users/hatto/Sites/triathlon
17 error Darwin 16.1.0
18 error argv "/Users/hatto/.nvm/versions/node/v5.7.0/bin/node" "/Users/hatto/.nvm/versions/node/v5.7.0/bin/npm" "run" "start"
19 error node v5.7.0
20 error npm  v3.6.0
21 error code ELIFECYCLE
22 error triathlon@0.0.1 start: `gulp w`
22 error Exit status 1
23 error Failed at the triathlon@0.0.1 start script 'gulp w'.
23 error Make sure you have the latest version of node.js and npm installed.
23 error If you do, this is most likely a problem with the triathlon package,
23 error not with npm itself.
23 error Tell the author that this fails on your system:
23 error     gulp w
23 error You can get information on how to open an issue for this project with:
23 error     npm bugs triathlon
23 error Or if that isn't available, you can get their info via:
23 error     npm owner ls triathlon
23 error There is likely additional logging output above.
24 verbose exit [ 1, true ]
